<tr><th><label for="id_id">Id:</label></th><td><input type="text" name="id" value="61fea880-3e8e-4e18-8a0d-67718059f5f9" required id="id_id"><input type="hidden" name="initial-id" value="61fea880-3e8e-4e18-8a0d-67718059f5f9" id="initial-id_id"></td></tr>
<tr><th><label for="id_nome">Nome:</label></th><td><input type="text" name="nome" maxlength="1000" required id="id_nome"></td></tr>
<tr><th><label for="id_status">Status:</label></th><td><select name="status" id="id_status">
  <option value="Ativo" selected>Ativo</option>

  <option value="Inativo">Inativo</option>

</select></td></tr>
<tr><th><label for="id_id">Id:</label></th><td><input type="text" name="id" value="ce29e14d-6ffa-4157-96f5-f70e8f877bd4" required id="id_id"><input type="hidden" name="initial-id" value="ce29e14d-6ffa-4157-96f5-f70e8f877bd4" id="initial-id_id"></td></tr>
<tr><th><label for="id_nome">Nome:</label></th><td><input type="text" name="nome" maxlength="1000" required id="id_nome"></td></tr>
<tr><th><label for="id_status">Status:</label></th><td><select name="status" id="id_status">
  <option value="Ativo" selected>Ativo</option>

  <option value="Inativo">Inativo</option>

</select></td></tr>
=>>>> Erro ao criar especie
<tr><th><label for="id_id">Id:</label></th><td><ul class="errorlist"><li>Este campo é obrigatório.</li></ul><input type="text" name="id" required id="id_id"><input type="hidden" name="initial-id" id="initial-id_id"></td></tr>
<tr><th><label for="id_nome">Nome:</label></th><td><input type="text" name="nome" value="Euterpe edulis" maxlength="1000" required id="id_nome"></td></tr>
<tr><th><label for="id_status">Status:</label></th><td><ul class="errorlist"><li>Este campo é obrigatório.</li></ul><select name="status" id="id_status">
  <option value="Ativo">Ativo</option>

  <option value="Inativo">Inativo</option>

</select></td></tr>
=>>>> Erro ao criar especie
<tr><th><label for="id_nome">Nome:</label></th><td><input type="text" name="nome" value="Euterpe edulis" maxlength="1000" required id="id_nome"><br><span class="helptext">Espécie</span></td></tr>
<tr><th><label for="id_status">Status:</label></th><td><input type="text" name="status" value="Ativo" maxlength="15" required id="id_status"><br><span class="helptext">Status</span></td></tr>
=>>>> Erro ao criar especie
<tr><th><label for="id_nome">Nome:</label></th><td><input type="text" name="nome" value="Euterpe edulis" maxlength="1000" required id="id_nome"></td></tr>
<tr><th><label for="id_status">Status:</label></th><td><select name="status" id="id_status">
  <option value="Ativo" selected>Ativo</option>

  <option value="Inativo">Inativo</option>

</select></td></tr>
=>>>> Erro ao criar especie
<tr><th><label for="id_nome">Nome:</label></th><td><input type="text" name="nome" value="Euterpe edulis" maxlength="1000" required id="id_nome"><br><span class="helptext">Espécie</span></td></tr>
<tr><th><label for="id_status">Status:</label></th><td><select name="status" id="id_status">
  <option value="Ativo" selected>Ativo</option>

  <option value="Inativo">Inativo</option>

</select><br><span class="helptext">Status</span></td></tr>
=>>>> Erro ao criar especie
<tr><th><label for="id_nome">Nome:</label></th><td><input type="text" name="nome" value="Euterpe edulis" maxlength="1000" required id="id_nome"><br><span class="helptext">Espécie</span></td></tr>
<tr><th><label for="id_status">Status:</label></th><td><select name="status" id="id_status">
  <option value="Ativo" selected>Ativo</option>

  <option value="Inativo">Inativo</option>

</select><br><span class="helptext">Status</span></td></tr>
=>>>> Erro ao criar especie
<tr><th><label for="id_nome">Nome:</label></th><td><input type="text" name="nome" value="Euterpe edulis" maxlength="1000" required id="id_nome"><br><span class="helptext">Espécie</span></td></tr>
<tr><th><label for="id_status">Status:</label></th><td><select name="status" id="id_status">
  <option value="Ativo" selected>Ativo</option>

  <option value="Inativo">Inativo</option>

</select><br><span class="helptext">Status</span></td></tr>
=>>>> Erro ao criar especie
<tr><th><label for="id_nome">Nome:</label></th><td><input type="text" name="nome" value="Euterpe edulis" maxlength="1000" required id="id_nome"><br><span class="helptext">Espécie</span></td></tr>
<tr><th><label for="id_status">Status:</label></th><td><select name="status" id="id_status">
  <option value="Ativo" selected>Ativo</option>

  <option value="Inativo">Inativo</option>

</select><br><span class="helptext">Status</span></td></tr>
=>>>> Erro ao criar especie
<tr><th><label for="id_nome">Espécie:</label></th><td><input type="text" name="nome" value="kfdsfdf" maxlength="1000" required id="id_nome"><br><span class="helptext">Espécie</span></td></tr>
<tr><th><label for="id_status">Status:</label></th><td><select name="status" id="id_status">
  <option value="Ativo" selected>Ativo</option>

  <option value="Inativo">Inativo</option>

</select><br><span class="helptext">Status</span></td></tr>
=>>>> Erro ao criar especie
<tr><th><label for="id_id">Id:</label></th><td><input type="text" name="id" value="a7371378-18b2-4262-a808-22b793fef5f9" required id="id_id"><input type="hidden" name="initial-id" value="a7371378-18b2-4262-a808-22b793fef5f9" id="initial-id_id"></td></tr>
<tr><th><label for="id_nome">Espécie:</label></th><td><input type="text" name="nome" value="Euterpe edulis" maxlength="1000" required id="id_nome"><br><span class="helptext">Espécie</span></td></tr>
<tr><th><label for="id_status">Status:</label></th><td><select name="status" id="id_status">
  <option value="Ativo" selected>Ativo</option>

  <option value="Inativo">Inativo</option>

</select><br><span class="helptext">Status</span></td></tr>
=>>>> Erro ao criar especie
=>>>> Erro ao criar especie
<tr><th><label for="id_id">Id:</label></th><td><input type="text" name="id" value="780f084a-185b-4f6a-b5e6-dcf88da3716b" readonly="readonly" required id="id_id"><input type="hidden" name="initial-id" value="780f084a-185b-4f6a-b5e6-dcf88da3716b" id="initial-id_id"><br><span class="helptext">Id</span></td></tr>
<tr><th><label for="id_nome">Espécie:</label></th><td><input type="text" name="nome" value="Euterpe edulis" maxlength="1000" required id="id_nome"><br><span class="helptext">Espécie</span></td></tr>
<tr><th><label for="id_status">Status:</label></th><td><select name="status" id="id_status">
  <option value="Ativo" selected>Ativo</option>

  <option value="Inativo">Inativo</option>

</select><br><span class="helptext">Status</span></td></tr>
=>>>> Erro ao criar especie
post
<tr><th><label for="id_id">Id:</label></th><td><input type="text" name="id" value="290877c3-f6f8-4464-8cc2-8f481ef1fa58" readonly="readonly" required id="id_id"><input type="hidden" name="initial-id" value="290877c3-f6f8-4464-8cc2-8f481ef1fa58" id="initial-id_id"><br><span class="helptext">Id</span></td></tr>
<tr><th><label for="id_nome">Espécie:</label></th><td><input type="text" name="nome" value="Euterpe edulis" maxlength="1000" required id="id_nome"><br><span class="helptext">Espécie</span></td></tr>
<tr><th><label for="id_status">Status:</label></th><td><select name="status" id="id_status">
  <option value="Ativo" selected>Ativo</option>

  <option value="Inativo">Inativo</option>

</select><br><span class="helptext">Status</span></td></tr>
=>>>> Erro ao criar especie
post
<tr><th><label for="id_id">Id:</label></th><td><input type="text" name="id" value="290877c3-f6f8-4464-8cc2-8f481ef1fa58" readonly="readonly" required id="id_id"><input type="hidden" name="initial-id" value="290877c3-f6f8-4464-8cc2-8f481ef1fa58" id="initial-id_id"><br><span class="helptext">Id</span></td></tr>
<tr><th><label for="id_nome">Espécie:</label></th><td><input type="text" name="nome" value="Euterpe edulis" maxlength="1000" required id="id_nome"><br><span class="helptext">Espécie</span></td></tr>
<tr><th><label for="id_status">Status:</label></th><td><select name="status" id="id_status">
  <option value="Ativo" selected>Ativo</option>

  <option value="Inativo">Inativo</option>

</select><br><span class="helptext">Status</span></td></tr>
=>>>> Erro ao criar especie
post
<tr><th><label for="id_id">Id:</label></th><td><input type="text" name="id" value="290877c3-f6f8-4464-8cc2-8f481ef1fa58" readonly="readonly" required id="id_id"><input type="hidden" name="initial-id" value="290877c3-f6f8-4464-8cc2-8f481ef1fa58" id="initial-id_id"><br><span class="helptext">Id</span></td></tr>
<tr><th><label for="id_nome">Espécie:</label></th><td><input type="text" name="nome" value="Euterpe edulis" maxlength="1000" required id="id_nome"><br><span class="helptext">Espécie</span></td></tr>
<tr><th><label for="id_status">Status:</label></th><td><select name="status" id="id_status">
  <option value="Ativo" selected>Ativo</option>

  <option value="Inativo">Inativo</option>

</select><br><span class="helptext">Status</span></td></tr>
=>>>> Erro ao criar especie

post
<tr><th><label for="id_id">Id:</label></th><td><input type="text" name="id" value="290877c3-f6f8-4464-8cc2-8f481ef1fa58" readonly="readonly" required id="id_id"><input type="hidden" name="initial-id" value="290877c3-f6f8-4464-8cc2-8f481ef1fa58" id="initial-id_id"><br><span class="helptext">Id</span></td></tr>
<tr><th><label for="id_nome">Espécie:</label></th><td><input type="text" name="nome" value="Euterpe edulis" maxlength="1000" required id="id_nome"><br><span class="helptext">Espécie</span></td></tr>
<tr><th><label for="id_status">Status:</label></th><td><select name="status" id="id_status">
  <option value="Ativo" selected>Ativo</option>

  <option value="Inativo">Inativo</option>

</select><br><span class="helptext">Status</span></td></tr>
=>>>> Erro ao criar especie

post
<tr><th><label for="id_id">Id:</label></th><td><input type="text" name="id" value="ffae0639-21fa-45be-8dc2-01d53cba2991" readonly="readonly" required id="id_id"><input type="hidden" name="initial-id" value="ffae0639-21fa-45be-8dc2-01d53cba2991" id="initial-id_id"><br><span class="helptext">Id</span></td></tr>
<tr><th><label for="id_nome">Espécie:</label></th><td><input type="text" name="nome" value="Euterpe edulis" maxlength="1000" required id="id_nome"><br><span class="helptext">Espécie</span></td></tr>
<tr><th><label for="id_status">Status:</label></th><td><select name="status" id="id_status">
  <option value="Ativo" selected>Ativo</option>

  <option value="Inativo">Inativo</option>

</select><br><span class="helptext">Status</span></td></tr>
=>>>> Erro ao criar especie
post
<tr><th><label for="id_id">Id:</label></th><td><input type="text" name="id" value="ffae0639-21fa-45be-8dc2-01d53cba2991" readonly="readonly" required id="id_id"><input type="hidden" name="initial-id" value="ffae0639-21fa-45be-8dc2-01d53cba2991" id="initial-id_id"><br><span class="helptext">Id</span></td></tr>
<tr><th><label for="id_nome">Espécie:</label></th><td><input type="text" name="nome" value="Euterpe edulis" maxlength="1000" required id="id_nome"><br><span class="helptext">Espécie</span></td></tr>
<tr><th><label for="id_status">Status:</label></th><td><select name="status" id="id_status">
  <option value="Ativo" selected>Ativo</option>

  <option value="Inativo">Inativo</option>

</select><br><span class="helptext">Status</span></td></tr>
=>>>> Erro ao criar especie
post
<tr><th><label for="id_id">Id:</label></th><td><input type="text" name="id" value="8aff98db-0242-43aa-94e3-746ce54fc56b" readonly="readonly" required id="id_id"><input type="hidden" name="initial-id" value="8aff98db-0242-43aa-94e3-746ce54fc56b" id="initial-id_id"><br><span class="helptext">Id</span></td></tr>
<tr><th><label for="id_nome">Espécie:</label></th><td><input type="text" name="nome" value="kkdkdk" maxlength="1000" required id="id_nome"><br><span class="helptext">Espécie</span></td></tr>
<tr><th><label for="id_status">Status:</label></th><td><select name="status" id="id_status">
  <option value="Ativo" selected>Ativo</option>

  <option value="Inativo">Inativo</option>

</select><br><span class="helptext">Status</span></td></tr>
=>>>> Erro ao criar especie
post
<tr><th><label for="id_id">Id:</label></th><td><input type="text" name="id" value="8aff98db-0242-43aa-94e3-746ce54fc56b" readonly="readonly" required id="id_id"><input type="hidden" name="initial-id" value="8aff98db-0242-43aa-94e3-746ce54fc56b" id="initial-id_id"><br><span class="helptext">Id</span></td></tr>
<tr><th><label for="id_nome">Espécie:</label></th><td><input type="text" name="nome" value="kkdkdk" maxlength="1000" required id="id_nome"><br><span class="helptext">Espécie</span></td></tr>
<tr><th><label for="id_status">Status:</label></th><td><select name="status" id="id_status">
  <option value="Ativo" selected>Ativo</option>

  <option value="Inativo">Inativo</option>

</select><br><span class="helptext">Status</span></td></tr>
=>>>> Erro ao criar especie
post
<tr><th><label for="id_id">Id:</label></th><td><input type="text" name="id" value="40387a45-484f-408c-abd7-5867bc3e8d9d" readonly="readonly" required id="id_id"><input type="hidden" name="initial-id" value="40387a45-484f-408c-abd7-5867bc3e8d9d" id="initial-id_id"><br><span class="helptext">Id</span></td></tr>
<tr><th><label for="id_nome">Espécie:</label></th><td><input type="text" name="nome" value="jhjhj" maxlength="1000" required id="id_nome"><br><span class="helptext">Espécie</span></td></tr>
<tr><th><label for="id_status">Status:</label></th><td><select name="status" id="id_status">
  <option value="Ativo" selected>Ativo</option>

  <option value="Inativo">Inativo</option>

</select><br><span class="helptext">Status</span></td></tr>
=>>>> Erro ao criar especie
post
post
True
<tr><th><label for="id_id">Id:</label></th><td><input type="text" name="id" value="61a829a5-2893-4bcd-aff0-c7cd5153b81b" readonly="readonly" required id="id_id"><input type="hidden" name="initial-id" value="61a829a5-2893-4bcd-aff0-c7cd5153b81b" id="initial-id_id"><br><span class="helptext">Id</span></td></tr>
<tr><th><label for="id_nome">Espécie:</label></th><td><input type="text" name="nome" value="Euterpe edulis" maxlength="1000" required id="id_nome"><br><span class="helptext">Espécie</span></td></tr>
<tr><th><label for="id_status">Status:</label></th><td><select name="status" id="id_status">
  <option value="Ativo" selected>Ativo</option>

  <option value="Inativo">Inativo</option>

</select><br><span class="helptext">Status</span></td></tr>
=>>>> Erro ao criar especie
post
True
valid
Especie adicionada
<tr><th><label for="id_id">Id:</label></th><td><input type="text" name="id" value="c8dae333-b380-4ce9-ba4e-ad4b0d2dc6ad" readonly="readonly" required id="id_id"><input type="hidden" name="initial-id" value="c8dae333-b380-4ce9-ba4e-ad4b0d2dc6ad" id="initial-id_id"><br><span class="helptext">Id</span></td></tr>
<tr><th><label for="id_nome">Espécie:</label></th><td><input type="text" name="nome" maxlength="1000" required id="id_nome"><br><span class="helptext">Espécie</span></td></tr>
<tr><th><label for="id_status">Status:</label></th><td><select name="status" id="id_status">
  <option value="Ativo" selected>Ativo</option>

  <option value="Inativo">Inativo</option>

</select><br><span class="helptext">Status</span></td></tr>
=>>>> Erro ao criar especie
<tr><th><label for="id_id">Id:</label></th><td><input type="text" name="id" value="a5165928-80bf-4602-88a2-e61db9f275ab" readonly="readonly" required id="id_id"><input type="hidden" name="initial-id" value="a5165928-80bf-4602-88a2-e61db9f275ab" id="initial-id_id"><br><span class="helptext">Id</span></td></tr>
<tr><th><label for="id_nome">Espécie:</label></th><td><input type="text" name="nome" maxlength="1000" required id="id_nome"><br><span class="helptext">Espécie</span></td></tr>
<tr><th><label for="id_status">Status:</label></th><td><select name="status" id="id_status">
  <option value="Ativo" selected>Ativo</option>

  <option value="Inativo">Inativo</option>

</select><br><span class="helptext">Status</span></td></tr>
=>>>> Erro ao criar especie
post
True
valid
Especie adicionada
<tr><th><label for="id_id">Id:</label></th><td><input type="text" name="id" value="71f5bf41-62bd-4f8e-9342-5060450ee77f" readonly="readonly" required id="id_id"><input type="hidden" name="initial-id" value="71f5bf41-62bd-4f8e-9342-5060450ee77f" id="initial-id_id"><br><span class="helptext">Id</span></td></tr>
<tr><th><label for="id_nome">Espécie:</label></th><td><input type="text" name="nome" value="Cupania oblongifolia" maxlength="1000" required id="id_nome"><br><span class="helptext">Espécie</span></td></tr>
<tr><th><label for="id_status">Status:</label></th><td><select name="status" id="id_status">
  <option value="Ativo" selected>Ativo</option>

  <option value="Inativo">Inativo</option>

</select><br><span class="helptext">Status</span></td></tr>
=>>>> Erro ao criar especie
post
True
valid
Especie adicionada
post
False
==> form errors:
* id
  * Especie com este Id já existe.
post
True
valid
Especie adicionada
post
True
valid
Especie adicionada
<tr><th><label for="id_id">Id:</label></th><td><input type="text" name="id" value="4236f7e9-0380-4829-bd88-98a38888a96c" readonly="readonly" required id="id_id"><input type="hidden" name="initial-id" value="4236f7e9-0380-4829-bd88-98a38888a96c" id="initial-id_id"><br><span class="helptext">Id</span></td></tr>
<tr><th><label for="id_nome">Espécie:</label></th><td><input type="text" name="nome" value="teste3" maxlength="1000" required id="id_nome"><br><span class="helptext">Espécie</span></td></tr>
<tr><th><label for="id_status">Status:</label></th><td><select name="status" id="id_status">
  <option value="Ativo" selected>Ativo</option>

  <option value="Inativo">Inativo</option>

</select><br><span class="helptext">Status</span></td></tr>
=>>>> Erro ao criar especie
post
True
valid
Especie adicionada
post
True
valid
Especie adicionada
post
False
==> form errors:
* id
  * Especie com este Id já existe.
post
True
valid
Especie adicionada
<tr><th><label for="id_id">Id:</label></th><td><input type="text" name="id" value="20849483-3e8a-42a3-83dd-90ac78ca81b0" readonly="readonly" required id="id_id"><input type="hidden" name="initial-id" value="20849483-3e8a-42a3-83dd-90ac78ca81b0" id="initial-id_id"><br><span class="helptext">Id</span></td></tr>
<tr><th><label for="id_nome">Espécie:</label></th><td><input type="text" name="nome" value="gdfgdfg" maxlength="1000" required id="id_nome"><br><span class="helptext">Espécie</span></td></tr>
<tr><th><label for="id_status">Status:</label></th><td><select name="status" id="id_status">
  <option value="Ativo" selected>Ativo</option>

  <option value="Inativo">Inativo</option>

</select><br><span class="helptext">Status</span></td></tr>
=>>>> Erro ao criar especie
post
False
==> form errors:
* id
  * Especie com este Id já existe.
post
True
valid
Especie adicionada
post
True
valid
Especie adicionada
post
True
valid
Especie adicionada
post
True
valid
Especie adicionada
>>>edit: b4329f8f-b468-42ca-96e9-9de2edf2ccb3
Especie object (b4329f8f-b468-42ca-96e9-9de2edf2ccb3)
>>>edit: b4329f8f-b468-42ca-96e9-9de2edf2ccb3
Especie object (b4329f8f-b468-42ca-96e9-9de2edf2ccb3)
False
>>>edit: b4329f8f-b468-42ca-96e9-9de2edf2ccb3
Especie object (b4329f8f-b468-42ca-96e9-9de2edf2ccb3)
False
>>>edit: b4329f8f-b468-42ca-96e9-9de2edf2ccb3
Especie object (b4329f8f-b468-42ca-96e9-9de2edf2ccb3)
True
>>>edit: b4329f8f-b468-42ca-96e9-9de2edf2ccb3
Especie object (b4329f8f-b468-42ca-96e9-9de2edf2ccb3)
False

>>>edit: b4329f8f-b468-42ca-96e9-9de2edf2ccb3
Especie object (b4329f8f-b468-42ca-96e9-9de2edf2ccb3)
True
>>>edit: b4329f8f-b468-42ca-96e9-9de2edf2ccb3
Especie object (b4329f8f-b468-42ca-96e9-9de2edf2ccb3)
False

>>>edit: b4329f8f-b468-42ca-96e9-9de2edf2ccb3
Especie object (b4329f8f-b468-42ca-96e9-9de2edf2ccb3)
True
>>>edit: b4329f8f-b468-42ca-96e9-9de2edf2ccb3
Especie object (b4329f8f-b468-42ca-96e9-9de2edf2ccb3)
False

>>>edit: c19a0443-7835-4a4c-bd68-89a8661b2310
Especie object (c19a0443-7835-4a4c-bd68-89a8661b2310)
False

>>>edit especie: c19a0443-7835-4a4c-bd68-89a8661b2310
Especie object (c19a0443-7835-4a4c-bd68-89a8661b2310)
False

delete especie: 6f011968-3f51-4970-afc6-926bffc74157
delete especie: 6f011968-3f51-4970-afc6-926bffc74157
delete especie: 6f011968-3f51-4970-afc6-926bffc74157
delete especie: 6f011968-3f51-4970-afc6-926bffc74157
deletado!
delete especie: e98faa80-f28c-49b4-ad0a-3a6f2a19f4f1
deletado!
delete especie: 4236f7e9-0380-4829-bd88-98a38888a96c
deletado!
delete especie: ce613771-9062-400d-a349-b069afdb4faf
delete especie: ce613771-9062-400d-a349-b069afdb4faf
deletado!
delete especie: ce613771-9062-400d-a349-b069afdb4faf
delete especie: 9606aa46-c1d1-464f-b07b-354c96d1f836
deletado!
delete especie: 20849483-3e8a-42a3-83dd-90ac78ca81b0
deletado!
delete especie: 27f3a27b-f189-41d8-8894-5e9f8a924e23
deletado!
delete especie: beb6d137-1bd2-4a02-84ce-119db61c759d
deletado!
delete especie: 1cfba27a-5f9e-4638-8de4-c6ce45a2eee0
deletado!
delete especie: 3536aafb-1786-4a9d-82ad-dd5af6317443
deletado!
post
True
delete especie: c19a0443-7835-4a4c-bd68-89a8661b2310
deletado!
post
True
>>>edit especie: f367376a-301a-4466-91f3-2e24322493a4
Especie object (f367376a-301a-4466-91f3-2e24322493a4)
False

>>>edit especie: f367376a-301a-4466-91f3-2e24322493a4
Especie object (f367376a-301a-4466-91f3-2e24322493a4)
False

>>>edit especie: f367376a-301a-4466-91f3-2e24322493a4
Especie object (f367376a-301a-4466-91f3-2e24322493a4)
False

>>>edit especie: b4329f8f-b468-42ca-96e9-9de2edf2ccb3
Especie object (b4329f8f-b468-42ca-96e9-9de2edf2ccb3)
False

>>>edit especie: b4329f8f-b468-42ca-96e9-9de2edf2ccb3
Especie object (b4329f8f-b468-42ca-96e9-9de2edf2ccb3)
True
>>>edit especie: 546c50f0-8c1e-4f48-8929-3048d4a2e656
<tr><th><label for="id_id">Id:</label></th><td><input type="text" name="id" value="256407a2-a7e5-4acd-9876-5bf571ac556a" readonly="readonly" required id="id_id"><input type="hidden" name="initial-id" value="256407a2-a7e5-4acd-9876-5bf571ac556a" id="initial-id_id"><br><span class="helptext">Id</span></td></tr>
<tr><th><label for="id_nome">Formação Florestal:</label></th><td><input type="text" name="nome" value="Floresta Ombrófila Densa Montana" maxlength="500" required id="id_nome"><br><span class="helptext">Formação Florestal</span></td></tr>
<tr><th><label for="id_dominio">Dominio:</label></th><td><select name="dominio" id="id_dominio">
  <option value="Amazonia">Amazonia</option>

  <option value="Mata Atlantica" selected>Mata Atlantica</option>

  <option value="Caatinga">Caatinga</option>

  <option value="Cerrado">Cerrado</option>

  <option value="Pantanal">Pantanal</option>

  <option value="Pradarias">Pradarias</option>

  <option value=""></option>

</select><br><span class="helptext">Domínio</span></td></tr>
<tr><th><label for="id_status">Status:</label></th><td><select name="status" id="id_status">
  <option value="Ativo" selected>Ativo</option>

  <option value="Inativo">Inativo</option>

</select><br><span class="helptext">Status</span></td></tr>
=>>>> Erro ao criar formacao florestal
POST
<tr><th><label for="id_id">Id:</label></th><td><input type="text" name="id" value="256407a2-a7e5-4acd-9876-5bf571ac556a" readonly="readonly" required id="id_id"><input type="hidden" name="initial-id" value="256407a2-a7e5-4acd-9876-5bf571ac556a" id="initial-id_id"><br><span class="helptext">Id</span></td></tr>
<tr><th><label for="id_nome">Formação Florestal:</label></th><td><input type="text" name="nome" value="Floresta Ombrófila Densa Montana" maxlength="500" required id="id_nome"><br><span class="helptext">Formação Florestal</span></td></tr>
<tr><th><label for="id_dominio">Dominio:</label></th><td><select name="dominio" id="id_dominio">
  <option value="Amazonia">Amazonia</option>

  <option value="Mata Atlantica" selected>Mata Atlantica</option>

  <option value="Caatinga">Caatinga</option>

  <option value="Cerrado">Cerrado</option>

  <option value="Pantanal">Pantanal</option>

  <option value="Pradarias">Pradarias</option>

  <option value=""></option>

</select><br><span class="helptext">Domínio</span></td></tr>
<tr><th><label for="id_status">Status:</label></th><td><select name="status" id="id_status">
  <option value="Ativo" selected>Ativo</option>

  <option value="Inativo">Inativo</option>

</select><br><span class="helptext">Status</span></td></tr>
=>>>> Erro ao criar formacao florestal
POST
<tr><th><label for="id_id">Id:</label></th><td><input type="text" name="id" value="256407a2-a7e5-4acd-9876-5bf571ac556a" readonly="readonly" required id="id_id"><input type="hidden" name="initial-id" value="256407a2-a7e5-4acd-9876-5bf571ac556a" id="initial-id_id"><br><span class="helptext">Id</span></td></tr>
<tr><th><label for="id_nome">Formação Florestal:</label></th><td><input type="text" name="nome" value="Floresta Ombrófila Densa Montana" maxlength="500" required id="id_nome"><br><span class="helptext">Formação Florestal</span></td></tr>
<tr><th><label for="id_dominio">Dominio:</label></th><td><select name="dominio" id="id_dominio">
  <option value="Amazonia">Amazonia</option>

  <option value="Mata Atlantica" selected>Mata Atlantica</option>

  <option value="Caatinga">Caatinga</option>

  <option value="Cerrado">Cerrado</option>

  <option value="Pantanal">Pantanal</option>

  <option value="Pradarias">Pradarias</option>

  <option value=""></option>

</select><br><span class="helptext">Domínio</span></td></tr>
<tr><th><label for="id_status">Status:</label></th><td><select name="status" id="id_status">
  <option value="Ativo" selected>Ativo</option>

  <option value="Inativo">Inativo</option>

</select><br><span class="helptext">Status</span></td></tr>
<tr><th><label for="id_id">Id:</label></th><td><input type="text" name="id" value="256407a2-a7e5-4acd-9876-5bf571ac556a" readonly="readonly" required id="id_id"><input type="hidden" name="initial-id" value="256407a2-a7e5-4acd-9876-5bf571ac556a" id="initial-id_id"><br><span class="helptext">Id</span></td></tr>
<tr><th><label for="id_nome">Formação Florestal:</label></th><td><input type="text" name="nome" value="Floresta Ombrófila Densa Montana" maxlength="500" required id="id_nome"><br><span class="helptext">Formação Florestal</span></td></tr>
<tr><th><label for="id_dominio">Dominio:</label></th><td><select name="dominio" id="id_dominio">
  <option value="Amazonia">Amazonia</option>

  <option value="Mata Atlantica" selected>Mata Atlantica</option>

  <option value="Caatinga">Caatinga</option>

  <option value="Cerrado">Cerrado</option>

  <option value="Pantanal">Pantanal</option>

  <option value="Pradarias">Pradarias</option>

  <option value=""></option>

</select><br><span class="helptext">Domínio</span></td></tr>
<tr><th><label for="id_status">Status:</label></th><td><select name="status" id="id_status">
  <option value="Ativo" selected>Ativo</option>

  <option value="Inativo">Inativo</option>

</select><br><span class="helptext">Status</span></td></tr>
=>>>> Erro ao criar formacao florestal
POST
<tr><th><label for="id_id">Id:</label></th><td><input type="text" name="id" value="256407a2-a7e5-4acd-9876-5bf571ac556a" readonly="readonly" required id="id_id"><input type="hidden" name="initial-id" value="256407a2-a7e5-4acd-9876-5bf571ac556a" id="initial-id_id"><br><span class="helptext">Id</span></td></tr>
<tr><th><label for="id_nome">Formação Florestal:</label></th><td><input type="text" name="nome" value="Floresta Ombrófila Densa Montana" maxlength="500" required id="id_nome"><br><span class="helptext">Formação Florestal</span></td></tr>
<tr><th><label for="id_dominio">Dominio:</label></th><td><select name="dominio" id="id_dominio">
  <option value="Amazonia">Amazonia</option>

  <option value="Mata Atlantica" selected>Mata Atlantica</option>

  <option value="Caatinga">Caatinga</option>

  <option value="Cerrado">Cerrado</option>

  <option value="Pantanal">Pantanal</option>

  <option value="Pradarias">Pradarias</option>

  <option value=""></option>

</select><br><span class="helptext">Domínio</span></td></tr>
<tr><th><label for="id_status">Status:</label></th><td><select name="status" id="id_status">
  <option value="Ativo" selected>Ativo</option>

  <option value="Inativo">Inativo</option>

</select><br><span class="helptext">Status</span></td></tr>
=>>>> Erro ao criar formacao florestal
POST
>>>edit formacaoflorestal: 256407a2-a7e5-4acd-9876-5bf571ac556a
FormacaoFlorestal object (256407a2-a7e5-4acd-9876-5bf571ac556a)
False

>>>edit formacaoflorestal: 256407a2-a7e5-4acd-9876-5bf571ac556a
FormacaoFlorestal object (256407a2-a7e5-4acd-9876-5bf571ac556a)
True
>>>edit formacaoflorestal: 256407a2-a7e5-4acd-9876-5bf571ac556a
FormacaoFlorestal object (256407a2-a7e5-4acd-9876-5bf571ac556a)
False

>>>edit formacaoflorestal: 256407a2-a7e5-4acd-9876-5bf571ac556a
FormacaoFlorestal object (256407a2-a7e5-4acd-9876-5bf571ac556a)
True
delete formacaoflorestal: 256407a2-a7e5-4acd-9876-5bf571ac556a
deletado!
POST
>>>edit formacaoflorestal: fb5b7d38-f736-4b0f-a960-bb41389aeb0e
FormacaoFlorestal object (fb5b7d38-f736-4b0f-a960-bb41389aeb0e)
False

>>>edit formacaoflorestal: fb5b7d38-f736-4b0f-a960-bb41389aeb0e
FormacaoFlorestal object (fb5b7d38-f736-4b0f-a960-bb41389aeb0e)
True
>>>edit formacaoflorestal: fb5b7d38-f736-4b0f-a960-bb41389aeb0e
FormacaoFlorestal object (fb5b7d38-f736-4b0f-a960-bb41389aeb0e)
False

>>>edit formacaoflorestal: fb5b7d38-f736-4b0f-a960-bb41389aeb0e
FormacaoFlorestal object (fb5b7d38-f736-4b0f-a960-bb41389aeb0e)
True
>>>edit formacaoflorestal: fb5b7d38-f736-4b0f-a960-bb41389aeb0e
FormacaoFlorestal object (fb5b7d38-f736-4b0f-a960-bb41389aeb0e)
False

>>>edit formacaoflorestal: f367376a-301a-4466-91f3-2e24322493a4
<tr><th><label for="id_id">Id:</label></th><td><input type="text" name="id" value="aa390b07-3f34-452f-839b-40d207d09733" readonly="readonly" required id="id_id"><input type="hidden" name="initial-id" value="aa390b07-3f34-452f-839b-40d207d09733" id="initial-id_id"><br><span class="helptext">Id</span></td></tr>
<tr><th><label for="id_nome">Formação Florestal:</label></th><td><input type="text" name="nome" maxlength="500" required id="id_nome"><br><span class="helptext">Formação Florestal</span></td></tr>
<tr><th><label for="id_dominio">Dominio:</label></th><td><select name="dominio" id="id_dominio">
  <option value="Amazonia">Amazonia</option>

  <option value="Mata Atlantica">Mata Atlantica</option>

  <option value="Caatinga">Caatinga</option>

  <option value="Cerrado">Cerrado</option>

  <option value="Pantanal">Pantanal</option>

  <option value="Pradarias">Pradarias</option>

  <option value="" selected></option>

</select><br><span class="helptext">Domínio</span></td></tr>
<tr><th><label for="id_status">Status:</label></th><td><select name="status" id="id_status">
  <option value="Ativo" selected>Ativo</option>

  <option value="Inativo">Inativo</option>

</select><br><span class="helptext">Status</span></td></tr>
=>>>> Erro ao editar formacaoflorestal
>>>edit formacaoflorestal: f367376a-301a-4466-91f3-2e24322493a4
<tr><th><label for="id_id">Id:</label></th><td><input type="text" name="id" value="3c9b0feb-53b0-4f61-a313-38d8cf0fb0ac" readonly="readonly" required id="id_id"><input type="hidden" name="initial-id" value="3c9b0feb-53b0-4f61-a313-38d8cf0fb0ac" id="initial-id_id"><br><span class="helptext">Id</span></td></tr>
<tr><th><label for="id_nome">Formação Florestal:</label></th><td><input type="text" name="nome" maxlength="500" required id="id_nome"><br><span class="helptext">Formação Florestal</span></td></tr>
<tr><th><label for="id_dominio">Dominio:</label></th><td><select name="dominio" id="id_dominio">
  <option value="Amazonia">Amazonia</option>

  <option value="Mata Atlantica">Mata Atlantica</option>

  <option value="Caatinga">Caatinga</option>

  <option value="Cerrado">Cerrado</option>

  <option value="Pantanal">Pantanal</option>

  <option value="Pradarias">Pradarias</option>

  <option value="" selected></option>

</select><br><span class="helptext">Domínio</span></td></tr>
<tr><th><label for="id_status">Status:</label></th><td><select name="status" id="id_status">
  <option value="Ativo" selected>Ativo</option>

  <option value="Inativo">Inativo</option>

</select><br><span class="helptext">Status</span></td></tr>
=>>>> Erro ao editar formacaoflorestal
>>>edit formacaoflorestal: f367376a-301a-4466-91f3-2e24322493a4
<tr><th><label for="id_id">Id:</label></th><td><input type="text" name="id" value="420cd567-3dd9-4af6-b0bf-d7eebc268b4a" readonly="readonly" required id="id_id"><input type="hidden" name="initial-id" value="420cd567-3dd9-4af6-b0bf-d7eebc268b4a" id="initial-id_id"><br><span class="helptext">Id</span></td></tr>
<tr><th><label for="id_nome">Formação Florestal:</label></th><td><input type="text" name="nome" maxlength="500" required id="id_nome"><br><span class="helptext">Formação Florestal</span></td></tr>
<tr><th><label for="id_dominio">Dominio:</label></th><td><select name="dominio" id="id_dominio">
  <option value="Amazonia">Amazonia</option>

  <option value="Mata Atlantica">Mata Atlantica</option>

  <option value="Caatinga">Caatinga</option>

  <option value="Cerrado">Cerrado</option>

  <option value="Pantanal">Pantanal</option>

  <option value="Pradarias">Pradarias</option>

  <option value="" selected></option>

</select><br><span class="helptext">Domínio</span></td></tr>
<tr><th><label for="id_status">Status:</label></th><td><select name="status" id="id_status">
  <option value="Ativo" selected>Ativo</option>

  <option value="Inativo">Inativo</option>

</select><br><span class="helptext">Status</span></td></tr>
=>>>> Erro ao editar formacaoflorestal
>>>edit formacaoflorestal: f367376a-301a-4466-91f3-2e24322493a4
<tr><th><label for="id_id">Id:</label></th><td><input type="text" name="id" value="619f04b2-1186-4054-a9df-0929d583e2c2" readonly="readonly" required id="id_id"><input type="hidden" name="initial-id" value="619f04b2-1186-4054-a9df-0929d583e2c2" id="initial-id_id"><br><span class="helptext">Id</span></td></tr>
<tr><th><label for="id_nome">Formação Florestal:</label></th><td><input type="text" name="nome" maxlength="500" required id="id_nome"><br><span class="helptext">Formação Florestal</span></td></tr>
<tr><th><label for="id_dominio">Dominio:</label></th><td><select name="dominio" id="id_dominio">
  <option value="Amazonia">Amazonia</option>

  <option value="Mata Atlantica">Mata Atlantica</option>

  <option value="Caatinga">Caatinga</option>

  <option value="Cerrado">Cerrado</option>

  <option value="Pantanal">Pantanal</option>

  <option value="Pradarias">Pradarias</option>

  <option value="" selected></option>

</select><br><span class="helptext">Domínio</span></td></tr>
<tr><th><label for="id_status">Status:</label></th><td><select name="status" id="id_status">
  <option value="Ativo" selected>Ativo</option>

  <option value="Inativo">Inativo</option>

</select><br><span class="helptext">Status</span></td></tr>
=>>>> Erro ao editar formacaoflorestal
>>>edit formacaoflorestal: f367376a-301a-4466-91f3-2e24322493a4
<tr><th><label for="id_id">Id:</label></th><td><input type="text" name="id" value="33fb639f-1f1e-4eaa-8092-179102978aee" readonly="readonly" required id="id_id"><input type="hidden" name="initial-id" value="33fb639f-1f1e-4eaa-8092-179102978aee" id="initial-id_id"><br><span class="helptext">Id</span></td></tr>
<tr><th><label for="id_nome">Formação Florestal:</label></th><td><input type="text" name="nome" maxlength="500" required id="id_nome"><br><span class="helptext">Formação Florestal</span></td></tr>
<tr><th><label for="id_dominio">Dominio:</label></th><td><select name="dominio" id="id_dominio">
  <option value="Amazonia">Amazonia</option>

  <option value="Mata Atlantica">Mata Atlantica</option>

  <option value="Caatinga">Caatinga</option>

  <option value="Cerrado">Cerrado</option>

  <option value="Pantanal">Pantanal</option>

  <option value="Pradarias">Pradarias</option>

  <option value="" selected></option>

</select><br><span class="helptext">Domínio</span></td></tr>
<tr><th><label for="id_status">Status:</label></th><td><select name="status" id="id_status">
  <option value="Ativo" selected>Ativo</option>

  <option value="Inativo">Inativo</option>

</select><br><span class="helptext">Status</span></td></tr>
=>>>> Erro ao editar formacaoflorestal
>>>edit formacaoflorestal: fb5b7d38-f736-4b0f-a960-bb41389aeb0e
FormacaoFlorestal object (fb5b7d38-f736-4b0f-a960-bb41389aeb0e)
False

delete formacaoflorestal: b4329f8f-b468-42ca-96e9-9de2edf2ccb3
=>>>> Erro ao deletar especie b4329f8f-b468-42ca-96e9-9de2edf2ccb3
post
True
delete especie: 61449ffa-2716-48b2-9534-4d7cccf11d1a
deletado!
>>>edit especie: b4329f8f-b468-42ca-96e9-9de2edf2ccb3
Especie object (b4329f8f-b468-42ca-96e9-9de2edf2ccb3)
False

>>>edit especie: b4329f8f-b468-42ca-96e9-9de2edf2ccb3
Especie object (b4329f8f-b468-42ca-96e9-9de2edf2ccb3)
True
>>>edit especie: 8fd6b6cd-d18b-42b3-87b0-243e880be273
Especie object (8fd6b6cd-d18b-42b3-87b0-243e880be273)
False

>>>edit especie: f367376a-301a-4466-91f3-2e24322493a4
Especie object (f367376a-301a-4466-91f3-2e24322493a4)
False

>>>edit especie: b4329f8f-b468-42ca-96e9-9de2edf2ccb3
Especie object (b4329f8f-b468-42ca-96e9-9de2edf2ccb3)
False

>>>edit especie: b4329f8f-b468-42ca-96e9-9de2edf2ccb3
Especie object (b4329f8f-b468-42ca-96e9-9de2edf2ccb3)
True
>>>edit formacaoflorestal: fb5b7d38-f736-4b0f-a960-bb41389aeb0e
FormacaoFlorestal object (fb5b7d38-f736-4b0f-a960-bb41389aeb0e)
False

POST
>>>edit formacaoflorestal: ddc83e39-9b0e-404f-ab63-17f1616e0985
<tr><th><label for="id_id">Id:</label></th><td><input type="text" name="id" value="b3908ed6-4380-416c-9b33-3455f5ac90c7" readonly="readonly" required id="id_id"><input type="hidden" name="initial-id" value="b3908ed6-4380-416c-9b33-3455f5ac90c7" id="initial-id_id"><br><span class="helptext">Id</span></td></tr>
<tr><th><label for="id_nome">Formação Florestal:</label></th><td><input type="text" name="nome" maxlength="500" required id="id_nome"><br><span class="helptext">Formação Florestal</span></td></tr>
<tr><th><label for="id_dominio">Dominio:</label></th><td><select name="dominio" id="id_dominio">
  <option value="Amazonia">Amazonia</option>

  <option value="Mata Atlantica">Mata Atlantica</option>

  <option value="Caatinga">Caatinga</option>

  <option value="Cerrado">Cerrado</option>

  <option value="Pantanal">Pantanal</option>

  <option value="Pradarias">Pradarias</option>

  <option value="" selected></option>

</select><br><span class="helptext">Domínio</span></td></tr>
<tr><th><label for="id_status">Status:</label></th><td><select name="status" id="id_status">
  <option value="Ativo" selected>Ativo</option>

  <option value="Inativo">Inativo</option>

</select><br><span class="helptext">Status</span></td></tr>
=>>>> Erro ao editar formacaoflorestal
>>>edit registros: ddc83e39-9b0e-404f-ab63-17f1616e0985
Registro object (ddc83e39-9b0e-404f-ab63-17f1616e0985)
False

>>>edit registros: ddc83e39-9b0e-404f-ab63-17f1616e0985
Registro object (ddc83e39-9b0e-404f-ab63-17f1616e0985)
True
>>>edit registros: ddc83e39-9b0e-404f-ab63-17f1616e0985
Registro object (ddc83e39-9b0e-404f-ab63-17f1616e0985)
False

>>>edit registros: ddc83e39-9b0e-404f-ab63-17f1616e0985
Registro object (ddc83e39-9b0e-404f-ab63-17f1616e0985)
True
>>>edit registros: ddc83e39-9b0e-404f-ab63-17f1616e0985
Registro object (ddc83e39-9b0e-404f-ab63-17f1616e0985)
False

>>>edit registros: ddc83e39-9b0e-404f-ab63-17f1616e0985
Registro object (ddc83e39-9b0e-404f-ab63-17f1616e0985)
True
delete registros: ddc83e39-9b0e-404f-ab63-17f1616e0985
deletado!
POST
>>>edit registros: 5cbee4fc-257d-4512-b337-226c371756a7
Registro object (5cbee4fc-257d-4512-b337-226c371756a7)
False

>>>edit registros: 5cbee4fc-257d-4512-b337-226c371756a7
Registro object (5cbee4fc-257d-4512-b337-226c371756a7)
False

>>>edit registros: 5cbee4fc-257d-4512-b337-226c371756a7
Registro object (5cbee4fc-257d-4512-b337-226c371756a7)
True
>>>edit registros: 5cbee4fc-257d-4512-b337-226c371756a7
Registro object (5cbee4fc-257d-4512-b337-226c371756a7)
False

>>>edit registros: 5cbee4fc-257d-4512-b337-226c371756a7
Registro object (5cbee4fc-257d-4512-b337-226c371756a7)
True
>>>edit registros: 5cbee4fc-257d-4512-b337-226c371756a7
Registro object (5cbee4fc-257d-4512-b337-226c371756a7)
False

POST
ID ===>>>>>>
ID ===>>>>>>
ID ===>>>>>>
ID ===>>>>>>
ID ===>>>>>>
ID ===>>>>>>
ID ===>>>>>>
ID ===>>>>>>None
ID ===>>>>>>None
ID ===>>>>>>None
ID ===>>>>>>None
ID ===>>>>>>
ID ===>>>>>>
ID ===>>>>>>
ID ===>>>>>>
POST
POST
>>>edit registros: 56199c58-27ee-4d12-8918-32d0fb636040
Registro object (56199c58-27ee-4d12-8918-32d0fb636040)
False

>>>edit registros: 56199c58-27ee-4d12-8918-32d0fb636040
Registro object (56199c58-27ee-4d12-8918-32d0fb636040)
True
>>>edit formacaoflorestal: fb5b7d38-f736-4b0f-a960-bb41389aeb0e
Floresta Ombrófila Densa Montana
False

>>>edit formacaoflorestal: fb5b7d38-f736-4b0f-a960-bb41389aeb0e
Floresta Ombrófila Densa Montana
True
>>>edit formacaoflorestal: fb5b7d38-f736-4b0f-a960-bb41389aeb0e
Floresta Ombrófila Densa Montana
False

>>>edit formacaoflorestal: fb5b7d38-f736-4b0f-a960-bb41389aeb0e
Floresta Ombrófila Densa Montana
True
>>>edit especie: b4329f8f-b468-42ca-96e9-9de2edf2ccb3
Euterpe edulis
False

>>>edit especie: b4329f8f-b468-42ca-96e9-9de2edf2ccb3
Euterpe edulis
True
>>>edit especie: b4329f8f-b468-42ca-96e9-9de2edf2ccb3
Euterpe edulis
False

>>>edit especie: b4329f8f-b468-42ca-96e9-9de2edf2ccb3
Euterpe edulis
True
>>>edit registros: 56199c58-27ee-4d12-8918-32d0fb636040
Registro object (56199c58-27ee-4d12-8918-32d0fb636040)
False

>>>edit registros: 56199c58-27ee-4d12-8918-32d0fb636040
Registro object (56199c58-27ee-4d12-8918-32d0fb636040)
True
>>>edit registros: 56199c58-27ee-4d12-8918-32d0fb636040
Registro object (56199c58-27ee-4d12-8918-32d0fb636040)
False

>>>edit registros: 56199c58-27ee-4d12-8918-32d0fb636040
Registro object (56199c58-27ee-4d12-8918-32d0fb636040)
False

>>>edit registros: 56199c58-27ee-4d12-8918-32d0fb636040
Registro object (56199c58-27ee-4d12-8918-32d0fb636040)
True
>>>edit registros: 56199c58-27ee-4d12-8918-32d0fb636040
Registro object (56199c58-27ee-4d12-8918-32d0fb636040)
False

>>>edit registros: 56199c58-27ee-4d12-8918-32d0fb636040
Registro object (56199c58-27ee-4d12-8918-32d0fb636040)
True
>>>edit registros: 38ba8125-ecba-4cea-ac43-7d698e23b960
Registro object (38ba8125-ecba-4cea-ac43-7d698e23b960)
False

>>>edit registros: 38ba8125-ecba-4cea-ac43-7d698e23b960
Registro object (38ba8125-ecba-4cea-ac43-7d698e23b960)
True
<tr><th><label for="id_id">Id:</label></th><td><input type="text" name="id" value="159407c5-5f8b-4f34-8d3e-0787315f83ef" readonly="readonly" required id="id_id"><input type="hidden" name="initial-id" value="159407c5-5f8b-4f34-8d3e-0787315f83ef" id="initial-id_id"><br><span class="helptext">Id</span></td></tr>
<tr><th><label for="id_especie">Especie:</label></th><td><select name="especie" required id="id_especie">
  <option value="" selected>---------</option>

  <option value="f367376a-301a-4466-91f3-2e24322493a4">Allophylus edulis</option>

  <option value="8fd6b6cd-d18b-42b3-87b0-243e880be273">Coffea arabica</option>

  <option value="71f5bf41-62bd-4f8e-9342-5060450ee77f">Cupania oblongifolia</option>

  <option value="b4329f8f-b468-42ca-96e9-9de2edf2ccb3">Euterpe edulis</option>

</select><br><span class="helptext">Espécie</span></td></tr>
<tr><th><label for="id_estagio">Estagio:</label></th><td><select name="estagio" required id="id_estagio">
  <option value="" selected>---------</option>

  <option value="Pioneira">Pioneira</option>

  <option value="Secundária Inicial">Secundária Inicial</option>

  <option value="Secundária Tardia">Secundária Tardia</option>

  <option value="Umbrófila">Umbrófila</option>

  <option value="Secundária">Secundária</option>

  <option value="Climácica">Climácica</option>

</select><br><span class="helptext">Estágio Sucessional</span></td></tr>
<tr><th><label for="id_formacao_florestal">Formacao florestal:</label></th><td><select name="formacao_florestal" required id="id_formacao_florestal">
  <option value="" selected>---------</option>

  <option value="fb5b7d38-f736-4b0f-a960-bb41389aeb0e">Floresta Ombrófila Densa Montana</option>

</select><br><span class="helptext">Formação Florestal</span></td></tr>
<tr><th><label for="id_estado">Estado:</label></th><td><select name="estado" required id="id_estado">
  <option value="" selected>---------</option>

  <option value="AC">AC</option>

  <option value="AL">AL</option>

  <option value="AP">AP</option>

  <option value="AM">AM</option>

  <option value="BA">BA</option>

  <option value="CE">CE</option>

  <option value="DF">DF</option>

  <option value="ES">ES</option>

  <option value="GO">GO</option>

  <option value="MA">MA</option>

  <option value="MG">MG</option>

  <option value="MT">MT</option>

  <option value="MS">MS</option>

  <option value="PA">PA</option>

  <option value="PE">PE</option>

  <option value="PB">PB</option>

  <option value="PI">PI</option>

  <option value="PR">PR</option>

  <option value="RJ">RJ</option>

  <option value="RN">RN</option>

  <option value="RR">RR</option>

  <option value="RS">RS</option>

  <option value="RO">RO</option>

  <option value="SC">SC</option>

  <option value="SE">SE</option>

  <option value="SP">SP</option>

  <option value="TO">TO</option>

</select><br><span class="helptext">Estado</span></td></tr>
<tr><th><label for="id_status">Status:</label></th><td><select name="status" id="id_status">
  <option value="Ativo" selected>Ativo</option>

  <option value="Inativo">Inativo</option>

</select><br><span class="helptext">Status</span></td></tr>
<tr><th><label for="id_referencia">Referencia:</label></th><td><input type="text" name="referencia" maxlength="1000" required id="id_referencia"><br><span class="helptext">Referência</span></td></tr>
<tr><th><label for="id_detalhes">Detalhes:</label></th><td><input type="text" name="detalhes" maxlength="1000" required id="id_detalhes"><br><span class="helptext">Detalhes</span></td></tr>
=>>>> Erro ao criar registros
Lote:
Lote:
Lote:
Lote:
Lote:
None
Lote:
None
Lote:
None
Lote:
None
Lote:
None
Lote:
None
Lote:
None
Lote:
None
Lote:
None
Lote:
None
Lote:
None
Lote:
None
Lote:
None
Lote:
None
Lote:
None
Lote:
None
Lote:
None
Lote:
None
Lote:
None
Lote:
None
Lote:
None
Lote:
None
Lote:
None
Lote:
None
Lote:
None
Lote:
None
Lote:
None
Lote:
None
Lote:
None
Lote:
None
Lote:
None
Lote:
None
Lote:
None
Lote:
None
Lote:
None
Lote:
None
Lote:
None
Lote:
None
Lote:
None
Lote:
None
Lote:
None
Lote:
None
Lote:
None
Lote:
None
Lote:
None
Lote:
None
Lote:
None
Lote:
None
Lote:
None
Lote:
None
Lote:
None
Lote:
None
Lote:
None
Lote:
None
Lote:
None
Lote:
None
Lote:
None
Lote:
None
Lote:
None
Lote:
None
Lote:
None
Lote:
None
Lote:
None
Lote:
None
Lote:
None
Lote:
None
Lote:
None
Lote:
None
Lote:
None
Lote:
None
Lote:
None
Lote:
None
Lote:
None
Lote:
None
Lote:
None
Lote:
None
Lote:
None
Lote:
None
Lote:
None
Lote:
None
Lote:
None
Lote:
None
Lote:
None
Lote:
None
Lote:
None
Lote:
None
POST
* id
  * Este campo é obrigatório.
* especie
  * Este campo é obrigatório.
* estagio
  * Este campo é obrigatório.
* status
  * Este campo é obrigatório.
Lote:
None
POST
* id
  * Este campo é obrigatório.
* especie
  * Este campo é obrigatório.
* estagio
  * Este campo é obrigatório.
* status
  * Este campo é obrigatório.
Lote:
None
POST
* id
  * Este campo é obrigatório.
* especie
  * Este campo é obrigatório.
* estagio
  * Este campo é obrigatório.
* status
  * Este campo é obrigatório.
Lote:
None
Lote:
None
Lote:
None
None
Lote:
None
None
Lote:
None
None
Lote:
None
None
Lote:
None
None
Lote:
None
None
Lote:
None
None
None
None
None
None
None
None
None
fb5b7d38-f736-4b0f-a960-bb41389aeb0e
SP
fsfsd
sfsfd
None
lote:
veg:fb5b7d38-f736-4b0f-a960-bb41389aeb0e
est:SP
ref:fsfsd
det:sfsfd
None
lote:
veg:fb5b7d38-f736-4b0f-a960-bb41389aeb0e
est:SP
ref:referencia
det:publicacao
None
lote:
veg:fb5b7d38-f736-4b0f-a960-bb41389aeb0e
est:AM
ref:reffff
det:pubbb
lote:
veg:fb5b7d38-f736-4b0f-a960-bb41389aeb0e
est:AM
ref:reffff
det:pubbb
lote:
veg:fb5b7d38-f736-4b0f-a960-bb41389aeb0e
est:AM
ref:reffff
det:pubbb
lote:
veg:fb5b7d38-f736-4b0f-a960-bb41389aeb0e
est:AM
ref:reffff
det:pubbb
=>>>> Erro ao criar registros
lote:
veg:fb5b7d38-f736-4b0f-a960-bb41389aeb0e
est:AM
ref:reffff
det:pubbb
lote:
veg:fb5b7d38-f736-4b0f-a960-bb41389aeb0e
est:AM
ref:reffff
det:pubbb
lote:
veg:fb5b7d38-f736-4b0f-a960-bb41389aeb0e
est:AM
ref:reffff
det:pubbb
=>>>> Erro ao criar registros
lote:
veg:fb5b7d38-f736-4b0f-a960-bb41389aeb0e
est:AM
ref:reffff
det:pubbb
lote:
veg:fb5b7d38-f736-4b0f-a960-bb41389aeb0e
est:AM
ref:reffff
det:pubbb
lote:
veg:fb5b7d38-f736-4b0f-a960-bb41389aeb0e
est:AM
ref:reffff
det:pubbb
lote:
veg:fb5b7d38-f736-4b0f-a960-bb41389aeb0e
est:AM
ref:reffff
det:pubbb
lote:
veg:
est:
ref:
det:
lote:
veg:
est:
ref:
det:
lote:
veg:
est:
ref:
det:
lote:
veg:
est:
ref:
det:
lote:
veg:
est:
ref:
det:
lote:
veg:
est:
ref:
det:
lote:
veg:
est:
ref:
det:
lote:
veg:
est:
ref:
det:
lote:
veg:
est:
ref:
det:
lote:
veg:
est:
ref:
det:
lote:
veg:
est:
ref:
det:
lote:
veg:
est:
ref:
det:
lote:
veg:
est:
ref:
det:
lote:
veg:
est:
ref:
det:
lote:
veg:
est:
ref:
det:
lote:
veg:
est:
ref:
det:
lote:
veg:
est:
ref:
det:
lote:
veg:
est:
ref:
det:
lote:
veg:
est:
ref:
det:
lote:
veg:
est:
ref:
det:
lote:
veg:
est:
ref:
det:
lote:
veg:
est:
ref:
det:
lote:
veg:
est:
ref:
det:
lote:
veg:
est:
ref:
det:
lote:
veg:
est:
ref:
det:
lote:
veg:
est:
ref:
det:
lote:
veg:
est:
ref:
det:
lote:
veg:
est:
ref:
det:
lote:
veg:
est:
ref:
det:
lote:
veg:
est:
ref:
det:
lote:
veg:
est:
ref:
det:
lote:
veg:
est:
ref:
det:
lote:
veg:
est:
ref:
det:
lote:
veg:
est:
ref:
det:
lote:
veg:
est:
ref:
det:
lote:
veg:
est:
ref:
det:
lote:
veg:
est:
ref:
det:
lote:
veg:
est:
ref:
det:
lote:
veg:
est:
ref:
det:
lote:
veg:
est:
ref:
det:
lote:
veg:
est:
ref:
det:
lote:
veg:
est:
ref:
det:
lote:
veg:
est:
ref:
det:
lote:
veg:
est:
ref:
det:
lote:
veg:
est:
ref:
det:
lote:
veg:
est:
ref:
det:
lote:
veg:
est:
ref:
det:
lote:
veg:
est:
ref:
det:
lote:
veg:
est:
ref:
det:
lote:
veg:
est:
ref:
det:
lote:
veg:
est:
ref:
det:
lote:
veg:
est:
ref:
det:
lote:
veg:
est:
ref:
det:
lote:
veg:
est:
ref:
det:
lote:
veg:
est:
ref:
det:
lote:
veg:
est:
ref:
det:
lote:
veg:
est:
ref:
det:
lote:
veg:
est:
ref:
det:
lote:
veg:
est:
ref:
det:
lote:
veg:
est:
ref:
det:
lote:
veg:
est:
ref:
det:
lote:
veg:
est:
ref:
det:
lote:
veg:
est:
ref:
det:
lote:
veg:
est:
ref:
det:
lote:
veg:
est:
ref:
det:
lote:
veg:
est:
ref:
det:
lote:
veg:
est:
ref:
det:
lote:
veg:
est:
ref:
det:
lote:
veg:
est:
ref:
det:
lote:
veg:
est:
ref:
det:
lote:
veg:
est:
ref:
det:
lote:
veg:
est:
ref:
det:
lote:
veg:
est:
ref:
det:
lote:
veg:
est:
ref:
det:
lote:
veg:
est:
ref:
det:
lote:
veg:
est:
ref:
det:
lote:
veg:
est:
ref:
det:
lote:
veg:
est:
ref:
det:
lote:
veg:
est:
ref:
det:
lote:
veg:
est:
ref:
det:
lote:
veg:
est:
ref:
det:
lote:
veg:
est:
ref:
det:
lote:
veg:
est:
ref:
det:
lote:
veg:
est:
ref:
det:
lote:
veg:
est:
ref:
det:
lote:
veg:
est:
ref:
det:
lote:
veg:
est:
ref:
det:
lote:
veg:
est:
ref:
det:
lote:
veg:
est:
ref:
det:
lote:
veg:
est:
ref:
det:
lote:
veg:
est:
ref:
det:
lote:
veg:
est:
ref:
det:
lote:
veg:
est:
ref:
det:
lote:
veg:
est:
ref:
det:
lote:
veg:
est:
ref:
det:
lote:
veg:
est:
ref:
det:
lote:
veg:
est:
ref:
det:
lote:
veg:
est:
ref:
det:
lote:
veg:
est:
ref:
det:
lote:
veg:
est:
ref:
det:
lote:
veg:
est:
ref:
det:
lote:
veg:
est:
ref:
det:
lote:
veg:
est:
ref:
det:
lote:
veg:
est:
ref:
det:
lote:
veg:
est:
ref:
det:
lote:
veg:
est:
ref:
det:
lote:
veg:
est:
ref:
det:
lote:
veg:
est:
ref:
det:
lote:
veg:
est:
ref:
det:
lote:
veg:
est:
ref:
det:
lote:
veg:
est:
ref:
det:
lote:
veg:
est:
ref:
det:
lote:
veg:
est:
ref:
det:
lote:
veg:
est:
ref:
det:
lote:
veg:
est:
ref:
det:
lote:
veg:
est:
ref:
det:
lote:
veg:
est:
ref:
det:
lote:
veg:
est:
ref:
det:
lote:
veg:
est:
ref:
det:
lote:
veg:
est:
ref:
det:
lote:
veg:
est:
ref:
det:
lote:
veg:
est:
ref:
det:
lote:
veg:
est:
ref:
det:
lote:
veg:
est:
ref:
det:
lote:
veg:
est:
ref:
det:
lote:
veg:
est:
ref:
det:
lote:
veg:
est:
ref:
det:
lote:
veg:
est:
ref:
det:
lote:
veg:
est:
ref:
det:
lote:
veg:
est:
ref:
det:
lote:
veg:
est:
ref:
det:
lote:
veg:
est:
ref:
det:
lote:
veg:
est:
ref:
det:
lote:
veg:
est:
ref:
det:
lote:
veg:
est:
ref:
det:
lote:
veg:
est:
ref:
det:
lote:
veg:
est:
ref:
det:
lote:
veg:
est:
ref:
det:
lote:
veg:
est:
ref:
det:
lote:
veg:
est:
ref:
det:
lote:
veg:
est:
ref:
det:
lote:
veg:
est:
ref:
det:
lote:
veg:
est:
ref:
det:
lote:
veg:
est:
ref:
det:
lote:
veg:
est:
ref:
det:
lote:
veg:
est:
ref:
det:
lote:
veg:
est:
ref:
det:
lote:
veg:
est:
ref:
det:
lote:
veg:
est:
ref:
det:
lote:
veg:
est:
ref:
det:
lote:
veg:
est:
ref:
det:
lote:teste,
teste2
veg:Floresta Ombrófila Densa Montana
est:MG
ref:jfdsfsd
det:aaaaaaa
<tr><th><label for="id_referencia">Referencia:</label></th><td><input type="text" name="referencia" maxlength="1000" required id="id_referencia"></td></tr>
<tr><th><label for="id_detalhes">Detalhes:</label></th><td><input type="text" name="detalhes" maxlength="1000" required id="id_detalhes"></td></tr>
<tr><th><label for="id_dados_lote">Dados lote:</label></th><td><textarea name="dados_lote" cols="40" rows="10" maxlength="1000" required id="id_dados_lote">
</textarea></td></tr>
<tr><th><label for="id_formacao_florestal">Formacao florestal:</label></th><td><select name="formacao_florestal" required id="id_formacao_florestal">
  <option value="" selected>Selecione a Formação Florestal</option>

  <option value="Floresta Ombrófila Densa Montana">Floresta Ombrófila Densa Montana</option>

</select></td></tr>
<tr><th><label for="id_estado">Estado:</label></th><td><select name="estado" id="id_estado">
  <option value="AC">AC</option>

  <option value="AL">AL</option>

  <option value="AP">AP</option>

  <option value="AM">AM</option>

  <option value="BA">BA</option>

  <option value="CE">CE</option>

  <option value="DF">DF</option>

  <option value="ES">ES</option>

  <option value="GO">GO</option>

  <option value="MA">MA</option>

  <option value="MG">MG</option>

  <option value="MT">MT</option>

  <option value="MS">MS</option>

  <option value="PA">PA</option>

  <option value="PE">PE</option>

  <option value="PB">PB</option>

  <option value="PI">PI</option>

  <option value="PR">PR</option>

  <option value="RJ">RJ</option>

  <option value="RN">RN</option>

  <option value="RR">RR</option>

  <option value="RS">RS</option>

  <option value="RO">RO</option>

  <option value="SC">SC</option>

  <option value="SE">SE</option>

  <option value="SP">SP</option>

  <option value="TO">TO</option>

</select></td></tr>
=>>>> Erro ao criar registros
['Teste:Pioneira', '\r\nTeste1:Secundária Inicial', '\r\nTeste2: Secundária Tardia']
Teste:Pioneira
=>>>> Erro ao criar registros
['Teste1:Pioneira', '\r\nTeste2:Secundária Inicial']
Teste1:Pioneira
=>>>> Erro ao criar registros
['Teste1:Pioneira', '\r\nTeste2:Secundária Inicial']
Teste1:Pioneira
=>>>> Erro ao criar registros
['Teste1:Pioneira', '\r\nTeste2:Secundária Inicial', '\r\n']
Teste1:Pioneira
=>>>> Erro ao criar registros
['Teste1:Pioneira', '\r\nTeste2:Secundária Inicial', '\r\n']
Teste1:Pioneira
Teste1
Pioneira
=>>>> Erro ao criar registros
['Teste1:Pioneira', '\r\nTeste2:Secundária Inicial']
Teste1:Pioneira
Teste1
Pioneira
=>>>> Erro ao criar registros
['Teste1:Pioneira', '\r\nTeste2:Secundária Inicial']
Teste1:Pioneira
Teste1
Pioneira
['Teste1:Pioneira', '\r\nTeste2:Secundária Inicial']
Teste1:Pioneira
['Teste1:Pioneira', '\r\nTeste2:Secundária Inicial']
Teste1:Pioneira
['Teste1:Pioneira', '\r\nTeste2:Secundária Inicial']
Teste1:Pioneira
['Teste1:Pioneira', '\r\nTeste2:Secundária Inicial']
Teste1:Pioneira
['Teste1:Pioneira', '\r\nTeste2:Secundária Inicial']
Teste1:Pioneira
especie add: Teste1
Teste1
Pioneira
['Teste1:Pioneira', '\r\nTeste2:Secundária Inicial']
Teste1:Pioneira
Teste1
Pioneira
['Teste1:Pioneira', '\r\nTeste2:Secundária Inicial']
Teste1:Pioneira
['Teste1:Pioneira', '\r\nTeste2:Secundária Inicial']
Teste1:Pioneira

Teste2:Secundária Inicial
especie add: Teste2
['Teste1:Pioneira']
Teste1:Pioneira
['Teste1:Pioneira']
Teste1:Pioneira
['Teste1:Pioneira']
Teste1:Pioneira
['Teste1:Pioneira']
Teste1:Pioneira
especie: Teste1
['Teste1:Pioneira', '']
Teste1:Pioneira
especie: Teste1

['Teste1:Pioneira', '\r\nTeste2:Pioneira']
Teste1:Pioneira
especie: Teste1

Teste2:Pioneira
especie: Teste2
['Teste1:Pioneira', '\r\nTeste2:Pioneira']
Teste1:Pioneira
especie: Teste1

Teste2:Pioneira
especie: Teste2
['Teste1:Pioneira', '\r\nTeste2:Secundária Inicial']
Teste1:Pioneira
especie: Teste1

Teste2:Secundária Inicial
especie: Teste2
['Teste1:Pioneira', '\r\nTeste2:Secundária Inicial']
Teste1:Pioneira
especie: Teste1
especie: Teste1

Teste2:Secundária Inicial
especie: Teste2
especie: Teste2
['Teste1:Pioneira', '\r\nTeste2:Secundária Inicial']
Teste1:Pioneira
especie: Teste1
especie: Teste1
formacao: Floresta Ombrófila Densa Montana
Teste1
Pioneira
saving
saved

Teste2:Secundária Inicial
especie: Teste2
especie: Teste2
formacao: Floresta Ombrófila Densa Montana
Teste2
Secundária Inicial
saving
saved
Lote:
None
Lote:
None
Lote:
None
['Teste3:Pioneira', '\r\nTeste4:Secundária Inicial']
Teste3:Pioneira
especie add: Teste3
especie: Teste3
especie: Teste3
formacao: Floresta Ombrófila Densa Montana
Teste3
Pioneira
saving
saved
['Teste4:Secundária Inicial', '\r\nTeste5:Pioneira']
Teste4:Secundária Inicial
especie add: Teste4
especie: Teste4
especie: Teste4
formacao: Floresta Ombrófila Densa Montana
Teste4
Secundária Inicial
saving
saved

Teste5:Pioneira
especie add: Teste5
especie: Teste5
especie: Teste5
formacao: Floresta Ombrófila Densa Montana
Teste5
Pioneira
saving
saved
['Teste6:Pioneira', '\r\nTeste7:Secundária Tardia', '']
Teste6:Pioneira
especie add: Teste6
especie: Teste6
especie: Teste6
formacao: Floresta Ombrófila Densa Montana
Teste6
Pioneira
saving
saved

Teste7:Secundária Tardia
especie add: Teste7
especie: Teste7
especie: Teste7
formacao: Floresta Ombrófila Densa Montana
Teste7
Secundária Tardia
saving
saved

=>>>> Erro ao criar registros
formacao: Floresta Ombrófila Densa Montana
['Teste6:Pioneira', '\r\nTeste7:Secundária Tardia', '']
Teste6:Pioneira
especie: Teste6

Teste7:Secundária Tardia
especie: Teste7

split error
formacao: Floresta Ombrófila Densa Montana
['Teste7:Pioneira', '\r\nTeste8:Pioneira', '']
Teste7:Pioneira
especie: Teste7

Teste8:Pioneira
especie add: Teste8
especie: Teste8

split error
formacao: Floresta Ombrófila Densa Montana
['Espécie:Pioneira', '\r\nEspecie2:Secundária Inicial', '']
Espécie:Pioneira
especie add: Espécie
especie: Espécie

Especie2:Secundária Inicial
especie add: Especie2
especie: Especie2

split error
formacao: Floresta Ombrófila Densa Montana
['Especie3:Pioneira', '\r\nEspecie4:Secundária Inicial', '']
Especie3:Pioneira
Especie3
split error

Especie4:Secundária Inicial

Especie4
split error


split error
formacao: Floresta Ombrófila Densa Montana
['EspécieX:Pioneira', '\r\nEspécieY:Secundária Inicial']
EspécieX:Pioneira
EspécieX
split error

EspécieY:Secundária Inicial

EspécieY
split error
formacao: Floresta Ombrófila Densa Montana
['EspecieA:Pioneira', '\r\nEspecieB:Secundaria Inicial', '']
EspecieA:Pioneira
EspecieA
Pioneira
especie add: EspecieA
especie: EspecieA

EspecieB:Secundaria Inicial

EspecieB
Secundaria Inicial
especie add: EspecieB
especie: EspecieB


split error
formacao: Floresta Ombrófila Densa Montana
['EspecieC:Pioneira', '\r\nEspecieD:Secundária Inicial']
EspecieC:Pioneira
EspecieC
Pioneira
especie add: EspecieC
especie: EspecieC

EspecieD:Secundária Inicial

EspecieD
Secundária Inicial
especie add: EspecieD
especie: EspecieD
formacao: Floresta Ombrófila Densa Montana
['EspecieE:Pioneira', '\r\nEspecieF:Secundária Inicial']
EspecieE:Pioneira
EspecieE
Pioneira
especie add: EspecieE
especie: EspecieE

EspecieF:Secundária Inicial

EspecieF
Secundária Inicial
especie add: EspecieF
especie: EspecieF
formacao: Floresta Ombrófila Densa Montana
['EspecieG:Pioneira', '\r\nEspecieH:Secundária Inicial']
EspecieG:Pioneira
EspecieG
Pioneira
especie add: EspecieG
especie: EspecieG
=>>>> Erro ao criar registros
formacao: Floresta Ombrófila Densa Montana
['EspecieG:Pioneira', '\r\nEspecieH:Secundária Inicial']
EspecieG:Pioneira
EspecieG
Pioneira
especie: EspecieG
especie: EspecieG
vegetacao: Floresta Ombrófila Densa Montana
creating registro
saving
saved

EspecieH:Secundária Inicial

EspecieH
Secundária Inicial
especie add: EspecieH
especie: EspecieH
vegetacao: Floresta Ombrófila Densa Montana
creating registro
saving
saved
formacao: Floresta Ombrófila Densa Montana
['Tania:Pioneira', '\r\nTania2:Secundária Inicial', '\r\nTania3: Secundária Tardia']
Tania:Pioneira
Tania
Pioneira
especie add: Tania
especie: Tania
vegetacao: Floresta Ombrófila Densa Montana
creating registro
saving
saved

Tania2:Secundária Inicial

Tania2
Secundária Inicial
especie add: Tania2
especie: Tania2
vegetacao: Floresta Ombrófila Densa Montana
creating registro
saving
saved

Tania3: Secundária Tardia

Tania3
 Secundária Tardia
especie add: Tania3
especie: Tania3
vegetacao: Floresta Ombrófila Densa Montana
creating registro
saving
saved
formacao: Floresta Ombrófila Densa Montana
['Tania4:Pioneira', '\r\nTania5:Umbrófila', '\r\nTania6:Secundária Tardia', '']
Tania4:Pioneira
Tania4
Pioneira
especie add: Tania4
especie: Tania4
vegetacao: Floresta Ombrófila Densa Montana
creating registro
saving
saved

Tania5:Umbrófila

Tania5
Umbrófila
especie add: Tania5
especie: Tania5
vegetacao: Floresta Ombrófila Densa Montana
creating registro
saving
saved

Tania6:Secundária Tardia

Tania6
Secundária Tardia
especie add: Tania6
especie: Tania6
vegetacao: Floresta Ombrófila Densa Montana
creating registro
saving
saved


split error
=>>>> Erro ao criar registros
sending msg 
message mensagem oi
assunto Teste
email teste@gmail.com
EMAIL_HOST_USER sucecodb@gmail.com
EMAIL_HOST smtp.gmail.com
error sending msg
sending msg 
message Oi
assunto Teste
email dfsjdfk@dd.com
EMAIL_HOST_USER sucecodb@gmail.com
EMAIL_HOST smtp.gmail.com
error sending msg
sending msg 
message fdsfds
assunto Teste
email dfsjdfk@dd.com
EMAIL_HOST_USER sucecodb@gmail.com
EMAIL_HOST smtp.gmail.com
EMAIL_PORT 587
EMAIL_HOST_PASSWORD Darwin2020!
EMAIL_HOST_PASSWORD Darwin2020!
error sending msg
sending msg 
message fdsfdsfdsfsd
assunto Teste
email dfsjdfk@dd.com
EMAIL_HOST_USER sucecodb@gmail.com
EMAIL_HOST smtp.gmail.com
EMAIL_PORT 587
EMAIL_HOST_PASSWORD Darwin2020!
error sending msg
sending msg 
message oi
assunto Teste
email dfsjdfk@dd.com
EMAIL_HOST_USER sucecodb@gmail.com
EMAIL_HOST smtp.gmail.com
EMAIL_PORT 587
EMAIL_HOST_PASSWORD Darwin2020!
error sending msg
sending msg 
message Oi
assunto Teste
email dfsjdfk@dd.com
EMAIL_HOST_USER sucecodb@gmail.com
EMAIL_HOST smtp.gmail.com
EMAIL_PORT 587
EMAIL_HOST_PASSWORD Darwin2020!
error sending msg
sending msg 
message gfdgdfg
assunto Teste
email dfsjdfk@dd.com
EMAIL_HOST_USER sucecodb@gmail.com
EMAIL_HOST smtp.gmail.com
EMAIL_PORT 587
EMAIL_HOST_PASSWORD Darwin2020!
error sending msg
sending msg 
message gfdgdfg
assunto Teste
email dfsjdfk@dd.com
EMAIL_HOST_USER sucecodb@gmail.com
EMAIL_HOST smtp.gmail.com
EMAIL_PORT 587
EMAIL_HOST_PASSWORD Darwin2020!
error sending msg
sending msg 
message oi
assunto Teste
email dfsjdfk@dd.com
EMAIL_HOST_USER sucecodb@gmail.com
EMAIL_HOST smtp.gmail.com
EMAIL_PORT 587
EMAIL_HOST_PASSWORD Darwin2020!
error sending msg
sending msg 
message gdgd
assunto Teste
email misticetos2020@gmail.com
EMAIL_HOST_USER sucecodb@gmail.com
EMAIL_HOST smtp.gmail.com
EMAIL_PORT 465
EMAIL_HOST_PASSWORD Darwin2020!
error sending msg
sending msg 
message dfsfdsf
assunto Teste
email dfsjdfk@dd.com
EMAIL_HOST_USER sucecodb@gmail.com
EMAIL_HOST smtp.gmail.com
EMAIL_PORT 465
EMAIL_HOST_PASSWORD Darwin2020!
error sending msg
sending msg 
message fdsfdsf
assunto Teste
email dfsjdfk@dd.com
EMAIL_HOST_USER sucecodb@gmail.com
EMAIL_HOST smtp.gmail.com
EMAIL_PORT 587
EMAIL_HOST_PASSWORD Darwin2020!
msg sent 
